Sending build context to Docker daemon  7.456MB
Step 1/8 : FROM golang:1.17 as builder
 ---> 73fa8a9cf041
Step 2/8 : WORKDIR /app
 ---> Using cache
 ---> 8abdefa311fb
Step 3/8 : COPY . .
 ---> c648b646437f
Step 4/8 : RUN go build     -ldflags     "-X main.Version=$(git describe --tags --dirty --always)"     -o bin/scribe ./plumbing/cmd
 ---> Running in 212fc0bbc4dd
go: downloading github.com/sirupsen/logrus v1.8.1
go: downloading github.com/uber/jaeger-client-go v2.30.0+incompatible
go: downloading github.com/opentracing/opentracing-go v1.2.0
go: downloading golang.org/x/sys v0.0.0-20220227234510-4e6760a101f9
go: downloading github.com/uber/jaeger-lib v2.4.1+incompatible
go: downloading go.uber.org/atomic v1.9.0
Removing intermediate container 212fc0bbc4dd
 ---> 7bfc36522f16
Step 5/8 : FROM alpine:3
 ---> c059bfaa849c
Step 6/8 : COPY --from=builder /app/bin/scribe /bin/scribe
 ---> c01e626b56a0
Step 7/8 : RUN apk add --no-cache bash go
 ---> Running in 0c53f17b1d7d
fetch https://dl-cdn.alpinelinux.org/alpine/v3.15/main/x86_64/APKINDEX.tar.gz
fetch https://dl-cdn.alpinelinux.org/alpine/v3.15/community/x86_64/APKINDEX.tar.gz
(1/17) Installing ncurses-terminfo-base (6.3_p20211120-r0)
(2/17) Installing ncurses-libs (6.3_p20211120-r0)
(3/17) Installing readline (8.1.1-r0)
(4/17) Installing bash (5.1.16-r0)
Executing bash-5.1.16-r0.post-install
(5/17) Installing libgcc (10.3.1_git20211027-r0)
(6/17) Installing libstdc++ (10.3.1_git20211027-r0)
(7/17) Installing binutils (2.37-r3)
(8/17) Installing libgomp (10.3.1_git20211027-r0)
(9/17) Installing libatomic (10.3.1_git20211027-r0)
(10/17) Installing libgphobos (10.3.1_git20211027-r0)
(11/17) Installing gmp (6.2.1-r1)
(12/17) Installing isl22 (0.22-r0)
(13/17) Installing mpfr4 (4.1.0-r0)
(14/17) Installing mpc1 (1.2.1-r0)
(15/17) Installing gcc (10.3.1_git20211027-r0)
(16/17) Installing musl-dev (1.2.2-r7)
(17/17) Installing go (1.17.4-r0)
Executing busybox-1.34.1-r3.trigger
OK: 498 MiB in 31 packages
Removing intermediate container 0c53f17b1d7d
 ---> 8b8d51dbd88f
Step 8/8 : WORKDIR /var/scribe
 ---> Running in cfe0789e1e8b
Removing intermediate container cfe0789e1e8b
 ---> 8e9f1ee9e525
Successfully built 8e9f1ee9e525
